<?xml version="1.0" encoding="UTF-8"?>
<testsuites name="Login" time="48.378" tests="3" failures="2" errors="0">
   <testsuite name="Login" tests="3" failures="2" errors="0" time="48.378" skipped="0" timestamp="2023-10-09 16:12:01" hostname="x230-Thinkpad - 10.7.0.34" id="Test Suites/Login/Login">
      <properties>
         <property name="deviceName" value=""/>
         <property name="devicePlatform" value=""/>
         <property name="logFolder" value="C:\\Users\\x230-Thinkpad\\Katalon Studio\\Katalon v2\\SwagLabs\\Latihan-Katalon\\Reports\\20231009_161150\\Login\\Login\\20231009_161150"/>
         <property name="logFiles" value="C:\\Users\\x230-Thinkpad\\Katalon Studio\\Katalon v2\\SwagLabs\\Latihan-Katalon\\Reports\\20231009_161150\\Login\\Login\\20231009_161150\\execution0.log"/>
         <property name="attachments" value="C:\\Users\\x230-Thinkpad\\Katalon Studio\\Katalon v2\\SwagLabs\\Latihan-Katalon\\Reports\\20231009_161150\\Login\\Login\\20231009_161150\\1696842736983.png, C:\\Users\\x230-Thinkpad\\Katalon Studio\\Katalon v2\\SwagLabs\\Latihan-Katalon\\Reports\\20231009_161150\\Login\\Login\\20231009_161150\\1696842737135.png, C:\\Users\\x230-Thinkpad\\Katalon Studio\\Katalon v2\\SwagLabs\\Latihan-Katalon\\Reports\\20231009_161150\\Login\\Login\\20231009_161150\\1696842770071.png, C:\\Users\\x230-Thinkpad\\Katalon Studio\\Katalon v2\\SwagLabs\\Latihan-Katalon\\Reports\\20231009_161150\\Login\\Login\\20231009_161150\\1696842770260.png"/>
         <property name="hostName" value="x230-Thinkpad - 10.7.0.34"/>
         <property name="os" value="Windows 10 64bit"/>
         <property name="katalonVersion" value="8.6.8.208"/>
         <property name="browser" value="Chrome 117.0.0.0"/>
         <property name="hostAddress" value="10.7.0.34"/>
         <property name="sessionId" value="d3d520ed223fcad6277136ea75e9cc03"/>
         <property name="seleniumVersion" value="3.141.59"/>
         <property name="proxyInformation" value="ProxyInformation { proxyOption=NO_PROXY, proxyServerType=HTTP, username=, password=********, proxyServerAddress=, proxyServerPort=0, executionList=&quot;&quot;, isApplyToDesiredCapabilities=true }"/>
         <property name="platform" value="Windows 10"/>
      </properties>
      <testcase name="Test Cases/Login/Login gagal-Username kosong" time="14.655" classname="Test Cases/Login/Login gagal-Username kosong" status="FAILED">
         <failure type="FAILED" message="Test Cases/Login/Login gagal-Username kosong FAILED.
Reason:
com.kms.katalon.core.exception.StepFailedException: Verify element text of test object 'Object Repository/Username kosong/Page_Swag Labs/h3_Epic sadface Username is required' FAILED.
	at com.kms.katalon.core.webui.keyword.internal.WebUIKeywordMain.stepFailed(WebUIKeywordMain.groovy:64)
	at com.kms.katalon.core.webui.keyword.internal.WebUIKeywordMain.runKeyword(WebUIKeywordMain.groovy:26)
	at com.kms.katalon.core.webui.keyword.builtin.VerifyElementTextKeyword.verifyElementText(VerifyElementTextKeyword.groovy:72)
	at com.kms.katalon.core.webui.keyword.builtin.VerifyElementTextKeyword.execute(VerifyElementTextKeyword.groovy:40)
	at com.kms.katalon.core.keyword.internal.KeywordExecutor.executeKeywordForPlatform(KeywordExecutor.groovy:74)
	at com.kms.katalon.core.webui.keyword.WebUiBuiltInKeywords.verifyElementText(WebUiBuiltInKeywords.groovy:4749)
	at com.kms.katalon.core.webui.keyword.WebUiBuiltInKeywords$verifyElementText$5.call(Unknown Source)
	at Login gagal-Username kosong.run(Login gagal-Username kosong:43)
	at com.kms.katalon.core.main.ScriptEngine.run(ScriptEngine.java:194)
	at com.kms.katalon.core.main.ScriptEngine.runScriptAsRawText(ScriptEngine.java:119)
	at com.kms.katalon.core.main.TestCaseExecutor.runScript(TestCaseExecutor.java:448)
	at com.kms.katalon.core.main.TestCaseExecutor.doExecute(TestCaseExecutor.java:439)
	at com.kms.katalon.core.main.TestCaseExecutor.processExecutionPhase(TestCaseExecutor.java:418)
	at com.kms.katalon.core.main.TestCaseExecutor.accessMainPhase(TestCaseExecutor.java:410)
	at com.kms.katalon.core.main.TestCaseExecutor.execute(TestCaseExecutor.java:285)
	at com.kms.katalon.core.common.CommonExecutor.accessTestCaseMainPhase(CommonExecutor.java:65)
	at com.kms.katalon.core.main.TestSuiteExecutor.accessTestSuiteMainPhase(TestSuiteExecutor.java:148)
	at com.kms.katalon.core.main.TestSuiteExecutor.execute(TestSuiteExecutor.java:106)
	at com.kms.katalon.core.main.TestCaseMain.startTestSuite(TestCaseMain.java:187)
	at com.kms.katalon.core.main.TestCaseMain$startTestSuite$0.call(Unknown Source)
	at TempTestSuite1696842710074.run(TempTestSuite1696842710074.groovy:36)
Caused by: com.kms.katalon.core.exception.StepFailedException: Actual text 'Epic sadface: Username is required' and expected text 'Username is mandatory' of test object 'Object Repository/Username kosong/Page_Swag Labs/h3_Epic sadface Username is required' are NOT matched.
	at com.kms.katalon.core.webui.keyword.internal.WebUIKeywordMain.stepFailed(WebUIKeywordMain.groovy:64)
	at com.kms.katalon.core.webui.keyword.builtin.VerifyElementTextKeyword$_verifyElementText_closure1.doCall(VerifyElementTextKeyword.groovy:57)
	at com.kms.katalon.core.webui.keyword.builtin.VerifyElementTextKeyword$_verifyElementText_closure1.call(VerifyElementTextKeyword.groovy)
	at com.kms.katalon.core.webui.keyword.internal.WebUIKeywordMain.runKeyword(WebUIKeywordMain.groovy:20)
	... 19 more
"/>
         <system-out><![CDATA[2023-10-09 16:12:02 - [TEST_CASE][FAILED] - Test Cases/Login/Login gagal-Username kosong: Test Cases/Login/Login gagal-Username kosong FAILED.
Reason:
com.kms.katalon.core.exception.StepFailedException: Verify element text of test object 'Object Repository/Username kosong/Page_Swag Labs/h3_Epic sadface Username is required' FAILED.
	at com.kms.katalon.core.webui.keyword.internal.WebUIKeywordMain.stepFailed(WebUIKeywordMain.groovy:64)
	at com.kms.katalon.core.webui.keyword.internal.WebUIKeywordMain.runKeyword(WebUIKeywordMain.groovy:26)
	at com.kms.katalon.core.webui.keyword.builtin.VerifyElementTextKeyword.verifyElementText(VerifyElementTextKeyword.groovy:72)
	at com.kms.katalon.core.webui.keyword.builtin.VerifyElementTextKeyword.execute(VerifyElementTextKeyword.groovy:40)
	at com.kms.katalon.core.keyword.internal.KeywordExecutor.executeKeywordForPlatform(KeywordExecutor.groovy:74)
	at com.kms.katalon.core.webui.keyword.WebUiBuiltInKeywords.verifyElementText(WebUiBuiltInKeywords.groovy:4749)
	at com.kms.katalon.core.webui.keyword.WebUiBuiltInKeywords$verifyElementText$5.call(Unknown Source)
	at Login gagal-Username kosong.run(Login gagal-Username kosong:43)
	at com.kms.katalon.core.main.ScriptEngine.run(ScriptEngine.java:194)
	at com.kms.katalon.core.main.ScriptEngine.runScriptAsRawText(ScriptEngine.java:119)
	at com.kms.katalon.core.main.TestCaseExecutor.runScript(TestCaseExecutor.java:448)
	at com.kms.katalon.core.main.TestCaseExecutor.doExecute(TestCaseExecutor.java:439)
	at com.kms.katalon.core.main.TestCaseExecutor.processExecutionPhase(TestCaseExecutor.java:418)
	at com.kms.katalon.core.main.TestCaseExecutor.accessMainPhase(TestCaseExecutor.java:410)
	at com.kms.katalon.core.main.TestCaseExecutor.execute(TestCaseExecutor.java:285)
	at com.kms.katalon.core.common.CommonExecutor.accessTestCaseMainPhase(CommonExecutor.java:65)
	at com.kms.katalon.core.main.TestSuiteExecutor.accessTestSuiteMainPhase(TestSuiteExecutor.java:148)
	at com.kms.katalon.core.main.TestSuiteExecutor.execute(TestSuiteExecutor.java:106)
	at com.kms.katalon.core.main.TestCaseMain.startTestSuite(TestCaseMain.java:187)
	at com.kms.katalon.core.main.TestCaseMain$startTestSuite$0.call(Unknown Source)
	at TempTestSuite1696842710074.run(TempTestSuite1696842710074.groovy:36)
Caused by: com.kms.katalon.core.exception.StepFailedException: Actual text 'Epic sadface: Username is required' and expected text 'Username is mandatory' of test object 'Object Repository/Username kosong/Page_Swag Labs/h3_Epic sadface Username is required' are NOT matched.
	at com.kms.katalon.core.webui.keyword.internal.WebUIKeywordMain.stepFailed(WebUIKeywordMain.groovy:64)
	at com.kms.katalon.core.webui.keyword.builtin.VerifyElementTextKeyword$_verifyElementText_closure1.doCall(VerifyElementTextKeyword.groovy:57)
	at com.kms.katalon.core.webui.keyword.builtin.VerifyElementTextKeyword$_verifyElementText_closure1.call(VerifyElementTextKeyword.groovy)
	at com.kms.katalon.core.webui.keyword.internal.WebUIKeywordMain.runKeyword(WebUIKeywordMain.groovy:20)
	... 19 more


2023-10-09 16:12:03 - [TEST_STEP][PASSED] - openBrowser(""): Browser is opened with url: ''

2023-10-09 16:12:03 - [MESSAGE][INFO] - Starting 'Chrome' driver

2023-10-09 16:12:04 - [MESSAGE][INFO] - Action delay is set to 0 milliseconds

2023-10-09 16:12:07 - [MESSAGE][PASSED] - Browser is opened with url: ''

2023-10-09 16:12:07 - [TEST_STEP][PASSED] - navigateToUrl("https://www.saucedemo.com/"): Navigate to 'https://www.saucedemo.com/' successfully

2023-10-09 16:12:11 - [MESSAGE][PASSED] - Navigate to 'https://www.saucedemo.com/' successfully

2023-10-09 16:12:11 - [TEST_STEP][PASSED] - verifyElementPresent(findTestObject("Object Repository/Username kosong/Page_Swag Labs/div_Swag Labs"), 0): Object 'Object Repository/Username kosong/Page_Swag Labs/div_Swag Labs' is present

2023-10-09 16:12:12 - [MESSAGE][WARNING] - Timeout '0' is invalid. Using default page load timeout: '30'

2023-10-09 16:12:12 - [MESSAGE][PASSED] - Object 'Object Repository/Username kosong/Page_Swag Labs/div_Swag Labs' is present

2023-10-09 16:12:12 - [TEST_STEP][PASSED] - verifyElementPresent(findTestObject("Object Repository/Username kosong/Page_Swag Labs/input_Swag Labs_user-name"), 0): Object 'Object Repository/Username kosong/Page_Swag Labs/input_Swag Labs_user-name' is present

2023-10-09 16:12:12 - [MESSAGE][WARNING] - Timeout '0' is invalid. Using default page load timeout: '30'

2023-10-09 16:12:12 - [MESSAGE][PASSED] - Object 'Object Repository/Username kosong/Page_Swag Labs/input_Swag Labs_user-name' is present

2023-10-09 16:12:12 - [TEST_STEP][PASSED] - verifyElementPresent(findTestObject("Object Repository/Username kosong/Page_Swag Labs/input_Swag Labs_password"), 0): Object 'Object Repository/Username kosong/Page_Swag Labs/input_Swag Labs_password' is present

2023-10-09 16:12:13 - [MESSAGE][WARNING] - Timeout '0' is invalid. Using default page load timeout: '30'

2023-10-09 16:12:13 - [MESSAGE][PASSED] - Object 'Object Repository/Username kosong/Page_Swag Labs/input_Swag Labs_password' is present

2023-10-09 16:12:13 - [TEST_STEP][PASSED] - verifyElementPresent(findTestObject("Object Repository/Username kosong/Page_Swag Labs/input_Swag Labs_login-button"), 0): Object 'Object Repository/Username kosong/Page_Swag Labs/input_Swag Labs_login-button' is present

2023-10-09 16:12:13 - [MESSAGE][WARNING] - Timeout '0' is invalid. Using default page load timeout: '30'

2023-10-09 16:12:13 - [MESSAGE][PASSED] - Object 'Object Repository/Username kosong/Page_Swag Labs/input_Swag Labs_login-button' is present

2023-10-09 16:12:13 - [TEST_STEP][PASSED] - click(findTestObject("Object Repository/Username kosong/Page_Swag Labs/input_Swag Labs_user-name")): Object: 'Object Repository/Username kosong/Page_Swag Labs/input_Swag Labs_user-name' is clicked on

2023-10-09 16:12:14 - [MESSAGE][PASSED] - Object: 'Object Repository/Username kosong/Page_Swag Labs/input_Swag Labs_user-name' is clicked on

2023-10-09 16:12:14 - [TEST_STEP][PASSED] - setText(findTestObject("Object Repository/Username kosong/Page_Swag Labs/input_Swag Labs_user-name"), ""): Text '' is set on object 'Object Repository/Username kosong/Page_Swag Labs/input_Swag Labs_user-name'

2023-10-09 16:12:15 - [MESSAGE][PASSED] - Text '' is set on object 'Object Repository/Username kosong/Page_Swag Labs/input_Swag Labs_user-name'

2023-10-09 16:12:15 - [TEST_STEP][PASSED] - setEncryptedText(findTestObject("Object Repository/Username kosong/Page_Swag Labs/input_Swag Labs_password"), "GziJh/CAJtfEsrBtIRaUDQ=="): Text ****** has been set on object 'Object Repository/Username kosong/Page_Swag Labs/input_Swag Labs_password'

2023-10-09 16:12:15 - [MESSAGE][PASSED] - Text ****** has been set on object 'Object Repository/Username kosong/Page_Swag Labs/input_Swag Labs_password'

2023-10-09 16:12:15 - [TEST_STEP][PASSED] - click(findTestObject("Object Repository/Username kosong/Page_Swag Labs/input_Swag Labs_login-button")): Object: 'Object Repository/Username kosong/Page_Swag Labs/input_Swag Labs_login-button' is clicked on

2023-10-09 16:12:16 - [MESSAGE][PASSED] - Object: 'Object Repository/Username kosong/Page_Swag Labs/input_Swag Labs_login-button' is clicked on

2023-10-09 16:12:16 - [TEST_STEP][FAILED] - verifyElementText(findTestObject("Username kosong/Page_Swag Labs/h3_Epic sadface Username is required"), "Username is mandatory"): Verify element text of test object 'Object Repository/Username kosong/Page_Swag Labs/h3_Epic sadface Username is required' FAILED. (Root cause: com.kms.katalon.core.exception.StepFailedException: Verify element text of test object 'Object Repository/Username kosong/Page_Swag Labs/h3_Epic sadface Username is required' FAILED.
	at com.kms.katalon.core.webui.keyword.internal.WebUIKeywordMain.stepFailed(WebUIKeywordMain.groovy:64)
	at com.kms.katalon.core.webui.keyword.internal.WebUIKeywordMain.runKeyword(WebUIKeywordMain.groovy:26)
	at com.kms.katalon.core.webui.keyword.builtin.VerifyElementTextKeyword.verifyElementText(VerifyElementTextKeyword.groovy:72)
	at com.kms.katalon.core.webui.keyword.builtin.VerifyElementTextKeyword.execute(VerifyElementTextKeyword.groovy:40)
	at com.kms.katalon.core.keyword.internal.KeywordExecutor.executeKeywordForPlatform(KeywordExecutor.groovy:74)
	at com.kms.katalon.core.webui.keyword.WebUiBuiltInKeywords.verifyElementText(WebUiBuiltInKeywords.groovy:4749)
	at com.kms.katalon.core.webui.keyword.WebUiBuiltInKeywords$verifyElementText$5.call(Unknown Source)
	at Login gagal-Username kosong.run(Login gagal-Username kosong:43)
	at com.kms.katalon.core.main.ScriptEngine.run(ScriptEngine.java:194)
	at com.kms.katalon.core.main.ScriptEngine.runScriptAsRawText(ScriptEngine.java:119)
	at com.kms.katalon.core.main.TestCaseExecutor.runScript(TestCaseExecutor.java:448)
	at com.kms.katalon.core.main.TestCaseExecutor.doExecute(TestCaseExecutor.java:439)
	at com.kms.katalon.core.main.TestCaseExecutor.processExecutionPhase(TestCaseExecutor.java:418)
	at com.kms.katalon.core.main.TestCaseExecutor.accessMainPhase(TestCaseExecutor.java:410)
	at com.kms.katalon.core.main.TestCaseExecutor.execute(TestCaseExecutor.java:285)
	at com.kms.katalon.core.common.CommonExecutor.accessTestCaseMainPhase(CommonExecutor.java:65)
	at com.kms.katalon.core.main.TestSuiteExecutor.accessTestSuiteMainPhase(TestSuiteExecutor.java:148)
	at com.kms.katalon.core.main.TestSuiteExecutor.execute(TestSuiteExecutor.java:106)
	at com.kms.katalon.core.main.TestCaseMain.startTestSuite(TestCaseMain.java:187)
	at com.kms.katalon.core.main.TestCaseMain$startTestSuite$0.call(Unknown Source)
	at TempTestSuite1696842710074.run(TempTestSuite1696842710074.groovy:36)
Caused by: com.kms.katalon.core.exception.StepFailedException: Actual text 'Epic sadface: Username is required' and expected text 'Username is mandatory' of test object 'Object Repository/Username kosong/Page_Swag Labs/h3_Epic sadface Username is required' are NOT matched.
	at com.kms.katalon.core.webui.keyword.internal.WebUIKeywordMain.stepFailed(WebUIKeywordMain.groovy:64)
	at com.kms.katalon.core.webui.keyword.builtin.VerifyElementTextKeyword$_verifyElementText_closure1.doCall(VerifyElementTextKeyword.groovy:57)
	at com.kms.katalon.core.webui.keyword.builtin.VerifyElementTextKeyword$_verifyElementText_closure1.call(VerifyElementTextKeyword.groovy)
	at com.kms.katalon.core.webui.keyword.internal.WebUIKeywordMain.runKeyword(WebUIKeywordMain.groovy:20)
	... 19 more
)

2023-10-09 16:12:17 - [MESSAGE][FAILED] - Actual text 'Epic sadface: Username is required' and expected text 'Username is mandatory' of test object 'Object Repository/Username kosong/Page_Swag Labs/h3_Epic sadface Username is required' are NOT matched. (Root cause: com.kms.katalon.core.exception.StepFailedException: Actual text 'Epic sadface: Username is required' and expected text 'Username is mandatory' of test object 'Object Repository/Username kosong/Page_Swag Labs/h3_Epic sadface Username is required' are NOT matched.
	at com.kms.katalon.core.webui.keyword.internal.WebUIKeywordMain.stepFailed(WebUIKeywordMain.groovy:64)
	at com.kms.katalon.core.webui.keyword.builtin.VerifyElementTextKeyword$_verifyElementText_closure1.doCall(VerifyElementTextKeyword.groovy:57)
	at com.kms.katalon.core.webui.keyword.builtin.VerifyElementTextKeyword$_verifyElementText_closure1.call(VerifyElementTextKeyword.groovy)
	at com.kms.katalon.core.webui.keyword.internal.WebUIKeywordMain.runKeyword(WebUIKeywordMain.groovy:20)
	at com.kms.katalon.core.webui.keyword.builtin.VerifyElementTextKeyword.verifyElementText(VerifyElementTextKeyword.groovy:72)
	at com.kms.katalon.core.webui.keyword.builtin.VerifyElementTextKeyword.execute(VerifyElementTextKeyword.groovy:40)
	at com.kms.katalon.core.keyword.internal.KeywordExecutor.executeKeywordForPlatform(KeywordExecutor.groovy:74)
	at com.kms.katalon.core.webui.keyword.WebUiBuiltInKeywords.verifyElementText(WebUiBuiltInKeywords.groovy:4749)
	at com.kms.katalon.core.webui.keyword.WebUiBuiltInKeywords$verifyElementText$5.call(Unknown Source)
	at Login gagal-Username kosong.run(Login gagal-Username kosong:43)
	at com.kms.katalon.core.main.ScriptEngine.run(ScriptEngine.java:194)
	at com.kms.katalon.core.main.ScriptEngine.runScriptAsRawText(ScriptEngine.java:119)
	at com.kms.katalon.core.main.TestCaseExecutor.runScript(TestCaseExecutor.java:448)
	at com.kms.katalon.core.main.TestCaseExecutor.doExecute(TestCaseExecutor.java:439)
	at com.kms.katalon.core.main.TestCaseExecutor.processExecutionPhase(TestCaseExecutor.java:418)
	at com.kms.katalon.core.main.TestCaseExecutor.accessMainPhase(TestCaseExecutor.java:410)
	at com.kms.katalon.core.main.TestCaseExecutor.execute(TestCaseExecutor.java:285)
	at com.kms.katalon.core.common.CommonExecutor.accessTestCaseMainPhase(CommonExecutor.java:65)
	at com.kms.katalon.core.main.TestSuiteExecutor.accessTestSuiteMainPhase(TestSuiteExecutor.java:148)
	at com.kms.katalon.core.main.TestSuiteExecutor.execute(TestSuiteExecutor.java:106)
	at com.kms.katalon.core.main.TestCaseMain.startTestSuite(TestCaseMain.java:187)
	at com.kms.katalon.core.main.TestCaseMain$startTestSuite$0.call(Unknown Source)
	at TempTestSuite1696842710074.run(TempTestSuite1696842710074.groovy:36)
)
[[ATTACHMENT|C:\\Users\\x230-Thinkpad\\Katalon Studio\\Katalon v2\\SwagLabs\\Latihan-Katalon\\Reports\\20231009_161150\\Login\\Login\\20231009_161150\\1696842736983.png]]

2023-10-09 16:12:17 - [MESSAGE][FAILED] - Verify element text of test object 'Object Repository/Username kosong/Page_Swag Labs/h3_Epic sadface Username is required' FAILED. (Root cause: com.kms.katalon.core.exception.StepFailedException: Verify element text of test object 'Object Repository/Username kosong/Page_Swag Labs/h3_Epic sadface Username is required' FAILED.
	at com.kms.katalon.core.webui.keyword.internal.WebUIKeywordMain.stepFailed(WebUIKeywordMain.groovy:64)
	at com.kms.katalon.core.webui.keyword.internal.WebUIKeywordMain.runKeyword(WebUIKeywordMain.groovy:26)
	at com.kms.katalon.core.webui.keyword.builtin.VerifyElementTextKeyword.verifyElementText(VerifyElementTextKeyword.groovy:72)
	at com.kms.katalon.core.webui.keyword.builtin.VerifyElementTextKeyword.execute(VerifyElementTextKeyword.groovy:40)
	at com.kms.katalon.core.keyword.internal.KeywordExecutor.executeKeywordForPlatform(KeywordExecutor.groovy:74)
	at com.kms.katalon.core.webui.keyword.WebUiBuiltInKeywords.verifyElementText(WebUiBuiltInKeywords.groovy:4749)
	at com.kms.katalon.core.webui.keyword.WebUiBuiltInKeywords$verifyElementText$5.call(Unknown Source)
	at Login gagal-Username kosong.run(Login gagal-Username kosong:43)
	at com.kms.katalon.core.main.ScriptEngine.run(ScriptEngine.java:194)
	at com.kms.katalon.core.main.ScriptEngine.runScriptAsRawText(ScriptEngine.java:119)
	at com.kms.katalon.core.main.TestCaseExecutor.runScript(TestCaseExecutor.java:448)
	at com.kms.katalon.core.main.TestCaseExecutor.doExecute(TestCaseExecutor.java:439)
	at com.kms.katalon.core.main.TestCaseExecutor.processExecutionPhase(TestCaseExecutor.java:418)
	at com.kms.katalon.core.main.TestCaseExecutor.accessMainPhase(TestCaseExecutor.java:410)
	at com.kms.katalon.core.main.TestCaseExecutor.execute(TestCaseExecutor.java:285)
	at com.kms.katalon.core.common.CommonExecutor.accessTestCaseMainPhase(CommonExecutor.java:65)
	at com.kms.katalon.core.main.TestSuiteExecutor.accessTestSuiteMainPhase(TestSuiteExecutor.java:148)
	at com.kms.katalon.core.main.TestSuiteExecutor.execute(TestSuiteExecutor.java:106)
	at com.kms.katalon.core.main.TestCaseMain.startTestSuite(TestCaseMain.java:187)
	at com.kms.katalon.core.main.TestCaseMain$startTestSuite$0.call(Unknown Source)
	at TempTestSuite1696842710074.run(TempTestSuite1696842710074.groovy:36)
Caused by: com.kms.katalon.core.exception.StepFailedException: Actual text 'Epic sadface: Username is required' and expected text 'Username is mandatory' of test object 'Object Repository/Username kosong/Page_Swag Labs/h3_Epic sadface Username is required' are NOT matched.
	at com.kms.katalon.core.webui.keyword.internal.WebUIKeywordMain.stepFailed(WebUIKeywordMain.groovy:64)
	at com.kms.katalon.core.webui.keyword.builtin.VerifyElementTextKeyword$_verifyElementText_closure1.doCall(VerifyElementTextKeyword.groovy:57)
	at com.kms.katalon.core.webui.keyword.builtin.VerifyElementTextKeyword$_verifyElementText_closure1.call(VerifyElementTextKeyword.groovy)
	at com.kms.katalon.core.webui.keyword.internal.WebUIKeywordMain.runKeyword(WebUIKeywordMain.groovy:20)
	... 19 more
)
[[ATTACHMENT|C:\\Users\\x230-Thinkpad\\Katalon Studio\\Katalon v2\\SwagLabs\\Latihan-Katalon\\Reports\\20231009_161150\\Login\\Login\\20231009_161150\\1696842737135.png]]]]></system-out>
         <system-err><![CDATA[2023-10-09 16:12:02 - [TEST_CASE][FAILED] - Test Cases/Login/Login gagal-Username kosong: Test Cases/Login/Login gagal-Username kosong FAILED.
Reason:
com.kms.katalon.core.exception.StepFailedException: Verify element text of test object 'Object Repository/Username kosong/Page_Swag Labs/h3_Epic sadface Username is required' FAILED.
	at com.kms.katalon.core.webui.keyword.internal.WebUIKeywordMain.stepFailed(WebUIKeywordMain.groovy:64)
	at com.kms.katalon.core.webui.keyword.internal.WebUIKeywordMain.runKeyword(WebUIKeywordMain.groovy:26)
	at com.kms.katalon.core.webui.keyword.builtin.VerifyElementTextKeyword.verifyElementText(VerifyElementTextKeyword.groovy:72)
	at com.kms.katalon.core.webui.keyword.builtin.VerifyElementTextKeyword.execute(VerifyElementTextKeyword.groovy:40)
	at com.kms.katalon.core.keyword.internal.KeywordExecutor.executeKeywordForPlatform(KeywordExecutor.groovy:74)
	at com.kms.katalon.core.webui.keyword.WebUiBuiltInKeywords.verifyElementText(WebUiBuiltInKeywords.groovy:4749)
	at com.kms.katalon.core.webui.keyword.WebUiBuiltInKeywords$verifyElementText$5.call(Unknown Source)
	at Login gagal-Username kosong.run(Login gagal-Username kosong:43)
	at com.kms.katalon.core.main.ScriptEngine.run(ScriptEngine.java:194)
	at com.kms.katalon.core.main.ScriptEngine.runScriptAsRawText(ScriptEngine.java:119)
	at com.kms.katalon.core.main.TestCaseExecutor.runScript(TestCaseExecutor.java:448)
	at com.kms.katalon.core.main.TestCaseExecutor.doExecute(TestCaseExecutor.java:439)
	at com.kms.katalon.core.main.TestCaseExecutor.processExecutionPhase(TestCaseExecutor.java:418)
	at com.kms.katalon.core.main.TestCaseExecutor.accessMainPhase(TestCaseExecutor.java:410)
	at com.kms.katalon.core.main.TestCaseExecutor.execute(TestCaseExecutor.java:285)
	at com.kms.katalon.core.common.CommonExecutor.accessTestCaseMainPhase(CommonExecutor.java:65)
	at com.kms.katalon.core.main.TestSuiteExecutor.accessTestSuiteMainPhase(TestSuiteExecutor.java:148)
	at com.kms.katalon.core.main.TestSuiteExecutor.execute(TestSuiteExecutor.java:106)
	at com.kms.katalon.core.main.TestCaseMain.startTestSuite(TestCaseMain.java:187)
	at com.kms.katalon.core.main.TestCaseMain$startTestSuite$0.call(Unknown Source)
	at TempTestSuite1696842710074.run(TempTestSuite1696842710074.groovy:36)
Caused by: com.kms.katalon.core.exception.StepFailedException: Actual text 'Epic sadface: Username is required' and expected text 'Username is mandatory' of test object 'Object Repository/Username kosong/Page_Swag Labs/h3_Epic sadface Username is required' are NOT matched.
	at com.kms.katalon.core.webui.keyword.internal.WebUIKeywordMain.stepFailed(WebUIKeywordMain.groovy:64)
	at com.kms.katalon.core.webui.keyword.builtin.VerifyElementTextKeyword$_verifyElementText_closure1.doCall(VerifyElementTextKeyword.groovy:57)
	at com.kms.katalon.core.webui.keyword.builtin.VerifyElementTextKeyword$_verifyElementText_closure1.call(VerifyElementTextKeyword.groovy)
	at com.kms.katalon.core.webui.keyword.internal.WebUIKeywordMain.runKeyword(WebUIKeywordMain.groovy:20)
	... 19 more]]></system-err>
      </testcase>
      <testcase name="Test Cases/Login/LoginSukses" time="15.078" classname="Test Cases/Login/LoginSukses" status="PASSED">
         <system-out><![CDATA[2023-10-09 16:12:17 - [TEST_CASE][PASSED] - Test Cases/Login/LoginSukses: Test Cases/Login/LoginSukses

2023-10-09 16:12:17 - [TEST_STEP][PASSED] - openBrowser(""): Browser is opened with url: ''

2023-10-09 16:12:17 - [MESSAGE][WARNING] - A browser is already opened. Closing browser and opening a new one

2023-10-09 16:12:19 - [MESSAGE][INFO] - Starting 'Chrome' driver

2023-10-09 16:12:19 - [MESSAGE][INFO] - Action delay is set to 0 milliseconds

2023-10-09 16:12:21 - [MESSAGE][PASSED] - Browser is opened with url: ''

2023-10-09 16:12:21 - [TEST_STEP][PASSED] - navigateToUrl("https://www.saucedemo.com/"): Navigate to 'https://www.saucedemo.com/' successfully

2023-10-09 16:12:25 - [MESSAGE][PASSED] - Navigate to 'https://www.saucedemo.com/' successfully

2023-10-09 16:12:25 - [TEST_STEP][PASSED] - verifyElementPresent(findTestObject("Object Repository/Page_Swag Labs/div_Swag Labs"), 0): Object 'Object Repository/Page_Swag Labs/div_Swag Labs' is present

2023-10-09 16:12:25 - [MESSAGE][WARNING] - Timeout '0' is invalid. Using default page load timeout: '30'

2023-10-09 16:12:26 - [MESSAGE][PASSED] - Object 'Object Repository/Page_Swag Labs/div_Swag Labs' is present

2023-10-09 16:12:26 - [TEST_STEP][PASSED] - verifyElementText(findTestObject("Object Repository/Page_Swag Labs/input_Swag Labs_user-name"), ""): Actual text and expected text of test object 'Object Repository/Page_Swag Labs/input_Swag Labs_user-name' are matched.

2023-10-09 16:12:26 - [MESSAGE][PASSED] - Actual text and expected text of test object 'Object Repository/Page_Swag Labs/input_Swag Labs_user-name' are matched.

2023-10-09 16:12:26 - [TEST_STEP][PASSED] - verifyElementPresent(findTestObject("Object Repository/Page_Swag Labs/input_Swag Labs_password"), 0): Object 'Object Repository/Page_Swag Labs/input_Swag Labs_password' is present

2023-10-09 16:12:26 - [MESSAGE][WARNING] - Timeout '0' is invalid. Using default page load timeout: '30'

2023-10-09 16:12:27 - [MESSAGE][PASSED] - Object 'Object Repository/Page_Swag Labs/input_Swag Labs_password' is present

2023-10-09 16:12:27 - [TEST_STEP][PASSED] - verifyElementClickable(findTestObject("Object Repository/Page_Swag Labs/input_Swag Labs_login-button")): Object 'Object Repository/Page_Swag Labs/input_Swag Labs_login-button' is clickable

2023-10-09 16:12:27 - [MESSAGE][PASSED] - Object 'Object Repository/Page_Swag Labs/input_Swag Labs_login-button' is clickable

2023-10-09 16:12:27 - [TEST_STEP][PASSED] - setText(findTestObject("Object Repository/Page_Swag Labs/input_Swag Labs_user-name"), "standard_user"): Text 'standard_user' is set on object 'Object Repository/Page_Swag Labs/input_Swag Labs_user-name'

2023-10-09 16:12:28 - [MESSAGE][PASSED] - Text 'standard_user' is set on object 'Object Repository/Page_Swag Labs/input_Swag Labs_user-name'

2023-10-09 16:12:28 - [TEST_STEP][PASSED] - setEncryptedText(findTestObject("Object Repository/Page_Swag Labs/input_Swag Labs_password"), "qcu24s4901FyWDTwXGr6XA=="): Text ****** has been set on object 'Object Repository/Page_Swag Labs/input_Swag Labs_password'

2023-10-09 16:12:29 - [MESSAGE][PASSED] - Text ****** has been set on object 'Object Repository/Page_Swag Labs/input_Swag Labs_password'

2023-10-09 16:12:29 - [TEST_STEP][PASSED] - click(findTestObject("Object Repository/Page_Swag Labs/input_Swag Labs_login-button")): Object: 'Object Repository/Page_Swag Labs/input_Swag Labs_login-button' is clicked on

2023-10-09 16:12:29 - [MESSAGE][PASSED] - Object: 'Object Repository/Page_Swag Labs/input_Swag Labs_login-button' is clicked on

2023-10-09 16:12:29 - [TEST_STEP][PASSED] - verifyElementPresent(findTestObject("Object Repository/Page_Swag Labs/span_Products"), 0): Object 'Object Repository/Page_Swag Labs/span_Products' is present

2023-10-09 16:12:30 - [MESSAGE][WARNING] - Timeout '0' is invalid. Using default page load timeout: '30'

2023-10-09 16:12:30 - [MESSAGE][PASSED] - Object 'Object Repository/Page_Swag Labs/span_Products' is present

2023-10-09 16:12:30 - [TEST_STEP][PASSED] - click(findTestObject("Object Repository/Page_Swag Labs/a_Name (A to Z)_item_4_img_link")): Object: 'Object Repository/Page_Swag Labs/a_Name (A to Z)_item_4_img_link' is clicked on

2023-10-09 16:12:31 - [MESSAGE][PASSED] - Object: 'Object Repository/Page_Swag Labs/a_Name (A to Z)_item_4_img_link' is clicked on

2023-10-09 16:12:31 - [TEST_STEP][PASSED] - closeBrowser(): Browser is closed

2023-10-09 16:12:32 - [MESSAGE][PASSED] - Browser is closed]]></system-out>
         <system-err><![CDATA[]]></system-err>
      </testcase>
      <testcase name="Test Cases/Login/LoginGagal-Username password kosong" time="18.037" classname="Test Cases/Login/LoginGagal-Username password kosong" status="FAILED">
         <failure type="FAILED" message="Test Cases/Login/LoginGagal-Username password kosong FAILED.
Reason:
com.kms.katalon.core.exception.StepFailedException: Verify element text of test object 'Object Repository/username password gagal/Page_Swag Labs/h3_Epic sadface Username is required' FAILED.
	at com.kms.katalon.core.webui.keyword.internal.WebUIKeywordMain.stepFailed(WebUIKeywordMain.groovy:64)
	at com.kms.katalon.core.webui.keyword.internal.WebUIKeywordMain.runKeyword(WebUIKeywordMain.groovy:26)
	at com.kms.katalon.core.webui.keyword.builtin.VerifyElementTextKeyword.verifyElementText(VerifyElementTextKeyword.groovy:72)
	at com.kms.katalon.core.webui.keyword.builtin.VerifyElementTextKeyword.execute(VerifyElementTextKeyword.groovy:40)
	at com.kms.katalon.core.keyword.internal.KeywordExecutor.executeKeywordForPlatform(KeywordExecutor.groovy:74)
	at com.kms.katalon.core.webui.keyword.WebUiBuiltInKeywords.verifyElementText(WebUiBuiltInKeywords.groovy:4749)
	at com.kms.katalon.core.webui.keyword.WebUiBuiltInKeywords$verifyElementText$5.call(Unknown Source)
	at LoginGagal-Username password kosong.run(LoginGagal-Username password kosong:41)
	at com.kms.katalon.core.main.ScriptEngine.run(ScriptEngine.java:194)
	at com.kms.katalon.core.main.ScriptEngine.runScriptAsRawText(ScriptEngine.java:119)
	at com.kms.katalon.core.main.TestCaseExecutor.runScript(TestCaseExecutor.java:448)
	at com.kms.katalon.core.main.TestCaseExecutor.doExecute(TestCaseExecutor.java:439)
	at com.kms.katalon.core.main.TestCaseExecutor.processExecutionPhase(TestCaseExecutor.java:418)
	at com.kms.katalon.core.main.TestCaseExecutor.accessMainPhase(TestCaseExecutor.java:410)
	at com.kms.katalon.core.main.TestCaseExecutor.execute(TestCaseExecutor.java:285)
	at com.kms.katalon.core.common.CommonExecutor.accessTestCaseMainPhase(CommonExecutor.java:65)
	at com.kms.katalon.core.main.TestSuiteExecutor.accessTestSuiteMainPhase(TestSuiteExecutor.java:148)
	at com.kms.katalon.core.main.TestSuiteExecutor.execute(TestSuiteExecutor.java:106)
	at com.kms.katalon.core.main.TestCaseMain.startTestSuite(TestCaseMain.java:187)
	at com.kms.katalon.core.main.TestCaseMain$startTestSuite$0.call(Unknown Source)
	at TempTestSuite1696842710074.run(TempTestSuite1696842710074.groovy:36)
Caused by: com.kms.katalon.core.exception.StepFailedException: Actual text 'Epic sadface: Username is required' and expected text 'Username and Passord is empty' of test object 'Object Repository/username password gagal/Page_Swag Labs/h3_Epic sadface Username is required' are NOT matched.
	at com.kms.katalon.core.webui.keyword.internal.WebUIKeywordMain.stepFailed(WebUIKeywordMain.groovy:64)
	at com.kms.katalon.core.webui.keyword.builtin.VerifyElementTextKeyword$_verifyElementText_closure1.doCall(VerifyElementTextKeyword.groovy:57)
	at com.kms.katalon.core.webui.keyword.builtin.VerifyElementTextKeyword$_verifyElementText_closure1.call(VerifyElementTextKeyword.groovy)
	at com.kms.katalon.core.webui.keyword.internal.WebUIKeywordMain.runKeyword(WebUIKeywordMain.groovy:20)
	... 19 more
"/>
         <system-out><![CDATA[2023-10-09 16:12:32 - [TEST_CASE][FAILED] - Test Cases/Login/LoginGagal-Username password kosong: Test Cases/Login/LoginGagal-Username password kosong FAILED.
Reason:
com.kms.katalon.core.exception.StepFailedException: Verify element text of test object 'Object Repository/username password gagal/Page_Swag Labs/h3_Epic sadface Username is required' FAILED.
	at com.kms.katalon.core.webui.keyword.internal.WebUIKeywordMain.stepFailed(WebUIKeywordMain.groovy:64)
	at com.kms.katalon.core.webui.keyword.internal.WebUIKeywordMain.runKeyword(WebUIKeywordMain.groovy:26)
	at com.kms.katalon.core.webui.keyword.builtin.VerifyElementTextKeyword.verifyElementText(VerifyElementTextKeyword.groovy:72)
	at com.kms.katalon.core.webui.keyword.builtin.VerifyElementTextKeyword.execute(VerifyElementTextKeyword.groovy:40)
	at com.kms.katalon.core.keyword.internal.KeywordExecutor.executeKeywordForPlatform(KeywordExecutor.groovy:74)
	at com.kms.katalon.core.webui.keyword.WebUiBuiltInKeywords.verifyElementText(WebUiBuiltInKeywords.groovy:4749)
	at com.kms.katalon.core.webui.keyword.WebUiBuiltInKeywords$verifyElementText$5.call(Unknown Source)
	at LoginGagal-Username password kosong.run(LoginGagal-Username password kosong:41)
	at com.kms.katalon.core.main.ScriptEngine.run(ScriptEngine.java:194)
	at com.kms.katalon.core.main.ScriptEngine.runScriptAsRawText(ScriptEngine.java:119)
	at com.kms.katalon.core.main.TestCaseExecutor.runScript(TestCaseExecutor.java:448)
	at com.kms.katalon.core.main.TestCaseExecutor.doExecute(TestCaseExecutor.java:439)
	at com.kms.katalon.core.main.TestCaseExecutor.processExecutionPhase(TestCaseExecutor.java:418)
	at com.kms.katalon.core.main.TestCaseExecutor.accessMainPhase(TestCaseExecutor.java:410)
	at com.kms.katalon.core.main.TestCaseExecutor.execute(TestCaseExecutor.java:285)
	at com.kms.katalon.core.common.CommonExecutor.accessTestCaseMainPhase(CommonExecutor.java:65)
	at com.kms.katalon.core.main.TestSuiteExecutor.accessTestSuiteMainPhase(TestSuiteExecutor.java:148)
	at com.kms.katalon.core.main.TestSuiteExecutor.execute(TestSuiteExecutor.java:106)
	at com.kms.katalon.core.main.TestCaseMain.startTestSuite(TestCaseMain.java:187)
	at com.kms.katalon.core.main.TestCaseMain$startTestSuite$0.call(Unknown Source)
	at TempTestSuite1696842710074.run(TempTestSuite1696842710074.groovy:36)
Caused by: com.kms.katalon.core.exception.StepFailedException: Actual text 'Epic sadface: Username is required' and expected text 'Username and Passord is empty' of test object 'Object Repository/username password gagal/Page_Swag Labs/h3_Epic sadface Username is required' are NOT matched.
	at com.kms.katalon.core.webui.keyword.internal.WebUIKeywordMain.stepFailed(WebUIKeywordMain.groovy:64)
	at com.kms.katalon.core.webui.keyword.builtin.VerifyElementTextKeyword$_verifyElementText_closure1.doCall(VerifyElementTextKeyword.groovy:57)
	at com.kms.katalon.core.webui.keyword.builtin.VerifyElementTextKeyword$_verifyElementText_closure1.call(VerifyElementTextKeyword.groovy)
	at com.kms.katalon.core.webui.keyword.internal.WebUIKeywordMain.runKeyword(WebUIKeywordMain.groovy:20)
	... 19 more


2023-10-09 16:12:32 - [TEST_STEP][PASSED] - openBrowser(""): Browser is opened with url: ''

2023-10-09 16:12:32 - [MESSAGE][INFO] - Starting 'Chrome' driver

2023-10-09 16:12:32 - [MESSAGE][INFO] - Action delay is set to 0 milliseconds

2023-10-09 16:12:35 - [MESSAGE][PASSED] - Browser is opened with url: ''

2023-10-09 16:12:35 - [TEST_STEP][PASSED] - navigateToUrl("https://www.saucedemo.com/"): Navigate to 'https://www.saucedemo.com/' successfully

2023-10-09 16:12:44 - [MESSAGE][PASSED] - Navigate to 'https://www.saucedemo.com/' successfully

2023-10-09 16:12:44 - [TEST_STEP][PASSED] - verifyElementPresent(findTestObject("Object Repository/username password gagal/Page_Swag Labs/div_Swag Labs"), 0): Object 'Object Repository/username password gagal/Page_Swag Labs/div_Swag Labs' is present

2023-10-09 16:12:45 - [MESSAGE][WARNING] - Timeout '0' is invalid. Using default page load timeout: '30'

2023-10-09 16:12:45 - [MESSAGE][PASSED] - Object 'Object Repository/username password gagal/Page_Swag Labs/div_Swag Labs' is present

2023-10-09 16:12:45 - [TEST_STEP][PASSED] - verifyElementPresent(findTestObject("Object Repository/username password gagal/Page_Swag Labs/input_Swag Labs_user-name"), 0): Object 'Object Repository/username password gagal/Page_Swag Labs/input_Swag Labs_user-name' is present

2023-10-09 16:12:45 - [MESSAGE][WARNING] - Timeout '0' is invalid. Using default page load timeout: '30'

2023-10-09 16:12:45 - [MESSAGE][PASSED] - Object 'Object Repository/username password gagal/Page_Swag Labs/input_Swag Labs_user-name' is present

2023-10-09 16:12:45 - [TEST_STEP][PASSED] - verifyElementPresent(findTestObject("Object Repository/username password gagal/Page_Swag Labs/input_Swag Labs_password"), 0): Object 'Object Repository/username password gagal/Page_Swag Labs/input_Swag Labs_password' is present

2023-10-09 16:12:46 - [MESSAGE][WARNING] - Timeout '0' is invalid. Using default page load timeout: '30'

2023-10-09 16:12:46 - [MESSAGE][PASSED] - Object 'Object Repository/username password gagal/Page_Swag Labs/input_Swag Labs_password' is present

2023-10-09 16:12:46 - [TEST_STEP][PASSED] - verifyElementPresent(findTestObject("Object Repository/username password gagal/Page_Swag Labs/input_Swag Labs_login-button"), 0): Object 'Object Repository/username password gagal/Page_Swag Labs/input_Swag Labs_login-button' is present

2023-10-09 16:12:47 - [MESSAGE][WARNING] - Timeout '0' is invalid. Using default page load timeout: '30'

2023-10-09 16:12:47 - [MESSAGE][PASSED] - Object 'Object Repository/username password gagal/Page_Swag Labs/input_Swag Labs_login-button' is present

2023-10-09 16:12:47 - [TEST_STEP][PASSED] - setText(findTestObject("Object Repository/username password gagal/Page_Swag Labs/input_Swag Labs_user-name"), ""): Text '' is set on object 'Object Repository/username password gagal/Page_Swag Labs/input_Swag Labs_user-name'

2023-10-09 16:12:48 - [MESSAGE][PASSED] - Text '' is set on object 'Object Repository/username password gagal/Page_Swag Labs/input_Swag Labs_user-name'

2023-10-09 16:12:48 - [TEST_STEP][PASSED] - setText(findTestObject("Object Repository/username password gagal/Page_Swag Labs/input_Swag Labs_password"), ""): Text '' is set on object 'Object Repository/username password gagal/Page_Swag Labs/input_Swag Labs_password'

2023-10-09 16:12:49 - [MESSAGE][PASSED] - Text '' is set on object 'Object Repository/username password gagal/Page_Swag Labs/input_Swag Labs_password'

2023-10-09 16:12:49 - [TEST_STEP][PASSED] - click(findTestObject("Object Repository/username password gagal/Page_Swag Labs/input_Swag Labs_login-button")): Object: 'Object Repository/username password gagal/Page_Swag Labs/input_Swag Labs_login-button' is clicked on

2023-10-09 16:12:49 - [MESSAGE][PASSED] - Object: 'Object Repository/username password gagal/Page_Swag Labs/input_Swag Labs_login-button' is clicked on

2023-10-09 16:12:49 - [TEST_STEP][FAILED] - verifyElementText(findTestObject("Object Repository/username password gagal/Page_Swag Labs/h3_Epic sadface Username is required"), "Username and Passord is empty"): Verify element text of test object 'Object Repository/username password gagal/Page_Swag Labs/h3_Epic sadface Username is required' FAILED. (Root cause: com.kms.katalon.core.exception.StepFailedException: Verify element text of test object 'Object Repository/username password gagal/Page_Swag Labs/h3_Epic sadface Username is required' FAILED.
	at com.kms.katalon.core.webui.keyword.internal.WebUIKeywordMain.stepFailed(WebUIKeywordMain.groovy:64)
	at com.kms.katalon.core.webui.keyword.internal.WebUIKeywordMain.runKeyword(WebUIKeywordMain.groovy:26)
	at com.kms.katalon.core.webui.keyword.builtin.VerifyElementTextKeyword.verifyElementText(VerifyElementTextKeyword.groovy:72)
	at com.kms.katalon.core.webui.keyword.builtin.VerifyElementTextKeyword.execute(VerifyElementTextKeyword.groovy:40)
	at com.kms.katalon.core.keyword.internal.KeywordExecutor.executeKeywordForPlatform(KeywordExecutor.groovy:74)
	at com.kms.katalon.core.webui.keyword.WebUiBuiltInKeywords.verifyElementText(WebUiBuiltInKeywords.groovy:4749)
	at com.kms.katalon.core.webui.keyword.WebUiBuiltInKeywords$verifyElementText$5.call(Unknown Source)
	at LoginGagal-Username password kosong.run(LoginGagal-Username password kosong:41)
	at com.kms.katalon.core.main.ScriptEngine.run(ScriptEngine.java:194)
	at com.kms.katalon.core.main.ScriptEngine.runScriptAsRawText(ScriptEngine.java:119)
	at com.kms.katalon.core.main.TestCaseExecutor.runScript(TestCaseExecutor.java:448)
	at com.kms.katalon.core.main.TestCaseExecutor.doExecute(TestCaseExecutor.java:439)
	at com.kms.katalon.core.main.TestCaseExecutor.processExecutionPhase(TestCaseExecutor.java:418)
	at com.kms.katalon.core.main.TestCaseExecutor.accessMainPhase(TestCaseExecutor.java:410)
	at com.kms.katalon.core.main.TestCaseExecutor.execute(TestCaseExecutor.java:285)
	at com.kms.katalon.core.common.CommonExecutor.accessTestCaseMainPhase(CommonExecutor.java:65)
	at com.kms.katalon.core.main.TestSuiteExecutor.accessTestSuiteMainPhase(TestSuiteExecutor.java:148)
	at com.kms.katalon.core.main.TestSuiteExecutor.execute(TestSuiteExecutor.java:106)
	at com.kms.katalon.core.main.TestCaseMain.startTestSuite(TestCaseMain.java:187)
	at com.kms.katalon.core.main.TestCaseMain$startTestSuite$0.call(Unknown Source)
	at TempTestSuite1696842710074.run(TempTestSuite1696842710074.groovy:36)
Caused by: com.kms.katalon.core.exception.StepFailedException: Actual text 'Epic sadface: Username is required' and expected text 'Username and Passord is empty' of test object 'Object Repository/username password gagal/Page_Swag Labs/h3_Epic sadface Username is required' are NOT matched.
	at com.kms.katalon.core.webui.keyword.internal.WebUIKeywordMain.stepFailed(WebUIKeywordMain.groovy:64)
	at com.kms.katalon.core.webui.keyword.builtin.VerifyElementTextKeyword$_verifyElementText_closure1.doCall(VerifyElementTextKeyword.groovy:57)
	at com.kms.katalon.core.webui.keyword.builtin.VerifyElementTextKeyword$_verifyElementText_closure1.call(VerifyElementTextKeyword.groovy)
	at com.kms.katalon.core.webui.keyword.internal.WebUIKeywordMain.runKeyword(WebUIKeywordMain.groovy:20)
	... 19 more
)

2023-10-09 16:12:50 - [MESSAGE][FAILED] - Actual text 'Epic sadface: Username is required' and expected text 'Username and Passord is empty' of test object 'Object Repository/username password gagal/Page_Swag Labs/h3_Epic sadface Username is required' are NOT matched. (Root cause: com.kms.katalon.core.exception.StepFailedException: Actual text 'Epic sadface: Username is required' and expected text 'Username and Passord is empty' of test object 'Object Repository/username password gagal/Page_Swag Labs/h3_Epic sadface Username is required' are NOT matched.
	at com.kms.katalon.core.webui.keyword.internal.WebUIKeywordMain.stepFailed(WebUIKeywordMain.groovy:64)
	at com.kms.katalon.core.webui.keyword.builtin.VerifyElementTextKeyword$_verifyElementText_closure1.doCall(VerifyElementTextKeyword.groovy:57)
	at com.kms.katalon.core.webui.keyword.builtin.VerifyElementTextKeyword$_verifyElementText_closure1.call(VerifyElementTextKeyword.groovy)
	at com.kms.katalon.core.webui.keyword.internal.WebUIKeywordMain.runKeyword(WebUIKeywordMain.groovy:20)
	at com.kms.katalon.core.webui.keyword.builtin.VerifyElementTextKeyword.verifyElementText(VerifyElementTextKeyword.groovy:72)
	at com.kms.katalon.core.webui.keyword.builtin.VerifyElementTextKeyword.execute(VerifyElementTextKeyword.groovy:40)
	at com.kms.katalon.core.keyword.internal.KeywordExecutor.executeKeywordForPlatform(KeywordExecutor.groovy:74)
	at com.kms.katalon.core.webui.keyword.WebUiBuiltInKeywords.verifyElementText(WebUiBuiltInKeywords.groovy:4749)
	at com.kms.katalon.core.webui.keyword.WebUiBuiltInKeywords$verifyElementText$5.call(Unknown Source)
	at LoginGagal-Username password kosong.run(LoginGagal-Username password kosong:41)
	at com.kms.katalon.core.main.ScriptEngine.run(ScriptEngine.java:194)
	at com.kms.katalon.core.main.ScriptEngine.runScriptAsRawText(ScriptEngine.java:119)
	at com.kms.katalon.core.main.TestCaseExecutor.runScript(TestCaseExecutor.java:448)
	at com.kms.katalon.core.main.TestCaseExecutor.doExecute(TestCaseExecutor.java:439)
	at com.kms.katalon.core.main.TestCaseExecutor.processExecutionPhase(TestCaseExecutor.java:418)
	at com.kms.katalon.core.main.TestCaseExecutor.accessMainPhase(TestCaseExecutor.java:410)
	at com.kms.katalon.core.main.TestCaseExecutor.execute(TestCaseExecutor.java:285)
	at com.kms.katalon.core.common.CommonExecutor.accessTestCaseMainPhase(CommonExecutor.java:65)
	at com.kms.katalon.core.main.TestSuiteExecutor.accessTestSuiteMainPhase(TestSuiteExecutor.java:148)
	at com.kms.katalon.core.main.TestSuiteExecutor.execute(TestSuiteExecutor.java:106)
	at com.kms.katalon.core.main.TestCaseMain.startTestSuite(TestCaseMain.java:187)
	at com.kms.katalon.core.main.TestCaseMain$startTestSuite$0.call(Unknown Source)
	at TempTestSuite1696842710074.run(TempTestSuite1696842710074.groovy:36)
)
[[ATTACHMENT|C:\\Users\\x230-Thinkpad\\Katalon Studio\\Katalon v2\\SwagLabs\\Latihan-Katalon\\Reports\\20231009_161150\\Login\\Login\\20231009_161150\\1696842770071.png]]

2023-10-09 16:12:50 - [MESSAGE][FAILED] - Verify element text of test object 'Object Repository/username password gagal/Page_Swag Labs/h3_Epic sadface Username is required' FAILED. (Root cause: com.kms.katalon.core.exception.StepFailedException: Verify element text of test object 'Object Repository/username password gagal/Page_Swag Labs/h3_Epic sadface Username is required' FAILED.
	at com.kms.katalon.core.webui.keyword.internal.WebUIKeywordMain.stepFailed(WebUIKeywordMain.groovy:64)
	at com.kms.katalon.core.webui.keyword.internal.WebUIKeywordMain.runKeyword(WebUIKeywordMain.groovy:26)
	at com.kms.katalon.core.webui.keyword.builtin.VerifyElementTextKeyword.verifyElementText(VerifyElementTextKeyword.groovy:72)
	at com.kms.katalon.core.webui.keyword.builtin.VerifyElementTextKeyword.execute(VerifyElementTextKeyword.groovy:40)
	at com.kms.katalon.core.keyword.internal.KeywordExecutor.executeKeywordForPlatform(KeywordExecutor.groovy:74)
	at com.kms.katalon.core.webui.keyword.WebUiBuiltInKeywords.verifyElementText(WebUiBuiltInKeywords.groovy:4749)
	at com.kms.katalon.core.webui.keyword.WebUiBuiltInKeywords$verifyElementText$5.call(Unknown Source)
	at LoginGagal-Username password kosong.run(LoginGagal-Username password kosong:41)
	at com.kms.katalon.core.main.ScriptEngine.run(ScriptEngine.java:194)
	at com.kms.katalon.core.main.ScriptEngine.runScriptAsRawText(ScriptEngine.java:119)
	at com.kms.katalon.core.main.TestCaseExecutor.runScript(TestCaseExecutor.java:448)
	at com.kms.katalon.core.main.TestCaseExecutor.doExecute(TestCaseExecutor.java:439)
	at com.kms.katalon.core.main.TestCaseExecutor.processExecutionPhase(TestCaseExecutor.java:418)
	at com.kms.katalon.core.main.TestCaseExecutor.accessMainPhase(TestCaseExecutor.java:410)
	at com.kms.katalon.core.main.TestCaseExecutor.execute(TestCaseExecutor.java:285)
	at com.kms.katalon.core.common.CommonExecutor.accessTestCaseMainPhase(CommonExecutor.java:65)
	at com.kms.katalon.core.main.TestSuiteExecutor.accessTestSuiteMainPhase(TestSuiteExecutor.java:148)
	at com.kms.katalon.core.main.TestSuiteExecutor.execute(TestSuiteExecutor.java:106)
	at com.kms.katalon.core.main.TestCaseMain.startTestSuite(TestCaseMain.java:187)
	at com.kms.katalon.core.main.TestCaseMain$startTestSuite$0.call(Unknown Source)
	at TempTestSuite1696842710074.run(TempTestSuite1696842710074.groovy:36)
Caused by: com.kms.katalon.core.exception.StepFailedException: Actual text 'Epic sadface: Username is required' and expected text 'Username and Passord is empty' of test object 'Object Repository/username password gagal/Page_Swag Labs/h3_Epic sadface Username is required' are NOT matched.
	at com.kms.katalon.core.webui.keyword.internal.WebUIKeywordMain.stepFailed(WebUIKeywordMain.groovy:64)
	at com.kms.katalon.core.webui.keyword.builtin.VerifyElementTextKeyword$_verifyElementText_closure1.doCall(VerifyElementTextKeyword.groovy:57)
	at com.kms.katalon.core.webui.keyword.builtin.VerifyElementTextKeyword$_verifyElementText_closure1.call(VerifyElementTextKeyword.groovy)
	at com.kms.katalon.core.webui.keyword.internal.WebUIKeywordMain.runKeyword(WebUIKeywordMain.groovy:20)
	... 19 more
)
[[ATTACHMENT|C:\\Users\\x230-Thinkpad\\Katalon Studio\\Katalon v2\\SwagLabs\\Latihan-Katalon\\Reports\\20231009_161150\\Login\\Login\\20231009_161150\\1696842770260.png]]]]></system-out>
         <system-err><![CDATA[2023-10-09 16:12:32 - [TEST_CASE][FAILED] - Test Cases/Login/LoginGagal-Username password kosong: Test Cases/Login/LoginGagal-Username password kosong FAILED.
Reason:
com.kms.katalon.core.exception.StepFailedException: Verify element text of test object 'Object Repository/username password gagal/Page_Swag Labs/h3_Epic sadface Username is required' FAILED.
	at com.kms.katalon.core.webui.keyword.internal.WebUIKeywordMain.stepFailed(WebUIKeywordMain.groovy:64)
	at com.kms.katalon.core.webui.keyword.internal.WebUIKeywordMain.runKeyword(WebUIKeywordMain.groovy:26)
	at com.kms.katalon.core.webui.keyword.builtin.VerifyElementTextKeyword.verifyElementText(VerifyElementTextKeyword.groovy:72)
	at com.kms.katalon.core.webui.keyword.builtin.VerifyElementTextKeyword.execute(VerifyElementTextKeyword.groovy:40)
	at com.kms.katalon.core.keyword.internal.KeywordExecutor.executeKeywordForPlatform(KeywordExecutor.groovy:74)
	at com.kms.katalon.core.webui.keyword.WebUiBuiltInKeywords.verifyElementText(WebUiBuiltInKeywords.groovy:4749)
	at com.kms.katalon.core.webui.keyword.WebUiBuiltInKeywords$verifyElementText$5.call(Unknown Source)
	at LoginGagal-Username password kosong.run(LoginGagal-Username password kosong:41)
	at com.kms.katalon.core.main.ScriptEngine.run(ScriptEngine.java:194)
	at com.kms.katalon.core.main.ScriptEngine.runScriptAsRawText(ScriptEngine.java:119)
	at com.kms.katalon.core.main.TestCaseExecutor.runScript(TestCaseExecutor.java:448)
	at com.kms.katalon.core.main.TestCaseExecutor.doExecute(TestCaseExecutor.java:439)
	at com.kms.katalon.core.main.TestCaseExecutor.processExecutionPhase(TestCaseExecutor.java:418)
	at com.kms.katalon.core.main.TestCaseExecutor.accessMainPhase(TestCaseExecutor.java:410)
	at com.kms.katalon.core.main.TestCaseExecutor.execute(TestCaseExecutor.java:285)
	at com.kms.katalon.core.common.CommonExecutor.accessTestCaseMainPhase(CommonExecutor.java:65)
	at com.kms.katalon.core.main.TestSuiteExecutor.accessTestSuiteMainPhase(TestSuiteExecutor.java:148)
	at com.kms.katalon.core.main.TestSuiteExecutor.execute(TestSuiteExecutor.java:106)
	at com.kms.katalon.core.main.TestCaseMain.startTestSuite(TestCaseMain.java:187)
	at com.kms.katalon.core.main.TestCaseMain$startTestSuite$0.call(Unknown Source)
	at TempTestSuite1696842710074.run(TempTestSuite1696842710074.groovy:36)
Caused by: com.kms.katalon.core.exception.StepFailedException: Actual text 'Epic sadface: Username is required' and expected text 'Username and Passord is empty' of test object 'Object Repository/username password gagal/Page_Swag Labs/h3_Epic sadface Username is required' are NOT matched.
	at com.kms.katalon.core.webui.keyword.internal.WebUIKeywordMain.stepFailed(WebUIKeywordMain.groovy:64)
	at com.kms.katalon.core.webui.keyword.builtin.VerifyElementTextKeyword$_verifyElementText_closure1.doCall(VerifyElementTextKeyword.groovy:57)
	at com.kms.katalon.core.webui.keyword.builtin.VerifyElementTextKeyword$_verifyElementText_closure1.call(VerifyElementTextKeyword.groovy)
	at com.kms.katalon.core.webui.keyword.internal.WebUIKeywordMain.runKeyword(WebUIKeywordMain.groovy:20)
	... 19 more]]></system-err>
      </testcase>
      <system-out><![CDATA[2023-10-09 16:12:01 - [TEST_SUITE][FAILED] - Login: Test Cases/Login/Login gagal-Username kosong FAILED.
Reason:
com.kms.katalon.core.exception.StepFailedException: Verify element text of test object 'Object Repository/Username kosong/Page_Swag Labs/h3_Epic sadface Username is required' FAILED.
	at com.kms.katalon.core.webui.keyword.internal.WebUIKeywordMain.stepFailed(WebUIKeywordMain.groovy:64)
	at com.kms.katalon.core.webui.keyword.internal.WebUIKeywordMain.runKeyword(WebUIKeywordMain.groovy:26)
	at com.kms.katalon.core.webui.keyword.builtin.VerifyElementTextKeyword.verifyElementText(VerifyElementTextKeyword.groovy:72)
	at com.kms.katalon.core.webui.keyword.builtin.VerifyElementTextKeyword.execute(VerifyElementTextKeyword.groovy:40)
	at com.kms.katalon.core.keyword.internal.KeywordExecutor.executeKeywordForPlatform(KeywordExecutor.groovy:74)
	at com.kms.katalon.core.webui.keyword.WebUiBuiltInKeywords.verifyElementText(WebUiBuiltInKeywords.groovy:4749)
	at com.kms.katalon.core.webui.keyword.WebUiBuiltInKeywords$verifyElementText$5.call(Unknown Source)
	at Login gagal-Username kosong.run(Login gagal-Username kosong:43)
	at com.kms.katalon.core.main.ScriptEngine.run(ScriptEngine.java:194)
	at com.kms.katalon.core.main.ScriptEngine.runScriptAsRawText(ScriptEngine.java:119)
	at com.kms.katalon.core.main.TestCaseExecutor.runScript(TestCaseExecutor.java:448)
	at com.kms.katalon.core.main.TestCaseExecutor.doExecute(TestCaseExecutor.java:439)
	at com.kms.katalon.core.main.TestCaseExecutor.processExecutionPhase(TestCaseExecutor.java:418)
	at com.kms.katalon.core.main.TestCaseExecutor.accessMainPhase(TestCaseExecutor.java:410)
	at com.kms.katalon.core.main.TestCaseExecutor.execute(TestCaseExecutor.java:285)
	at com.kms.katalon.core.common.CommonExecutor.accessTestCaseMainPhase(CommonExecutor.java:65)
	at com.kms.katalon.core.main.TestSuiteExecutor.accessTestSuiteMainPhase(TestSuiteExecutor.java:148)
	at com.kms.katalon.core.main.TestSuiteExecutor.execute(TestSuiteExecutor.java:106)
	at com.kms.katalon.core.main.TestCaseMain.startTestSuite(TestCaseMain.java:187)
	at com.kms.katalon.core.main.TestCaseMain$startTestSuite$0.call(Unknown Source)
	at TempTestSuite1696842710074.run(TempTestSuite1696842710074.groovy:36)
Caused by: com.kms.katalon.core.exception.StepFailedException: Actual text 'Epic sadface: Username is required' and expected text 'Username is mandatory' of test object 'Object Repository/Username kosong/Page_Swag Labs/h3_Epic sadface Username is required' are NOT matched.
	at com.kms.katalon.core.webui.keyword.internal.WebUIKeywordMain.stepFailed(WebUIKeywordMain.groovy:64)
	at com.kms.katalon.core.webui.keyword.builtin.VerifyElementTextKeyword$_verifyElementText_closure1.doCall(VerifyElementTextKeyword.groovy:57)
	at com.kms.katalon.core.webui.keyword.builtin.VerifyElementTextKeyword$_verifyElementText_closure1.call(VerifyElementTextKeyword.groovy)
	at com.kms.katalon.core.webui.keyword.internal.WebUIKeywordMain.runKeyword(WebUIKeywordMain.groovy:20)
	... 19 more]]></system-out>
      <system-err><![CDATA[2023-10-09 16:12:01 - [TEST_SUITE][FAILED] - Login: Test Cases/Login/Login gagal-Username kosong FAILED.
Reason:
com.kms.katalon.core.exception.StepFailedException: Verify element text of test object 'Object Repository/Username kosong/Page_Swag Labs/h3_Epic sadface Username is required' FAILED.
	at com.kms.katalon.core.webui.keyword.internal.WebUIKeywordMain.stepFailed(WebUIKeywordMain.groovy:64)
	at com.kms.katalon.core.webui.keyword.internal.WebUIKeywordMain.runKeyword(WebUIKeywordMain.groovy:26)
	at com.kms.katalon.core.webui.keyword.builtin.VerifyElementTextKeyword.verifyElementText(VerifyElementTextKeyword.groovy:72)
	at com.kms.katalon.core.webui.keyword.builtin.VerifyElementTextKeyword.execute(VerifyElementTextKeyword.groovy:40)
	at com.kms.katalon.core.keyword.internal.KeywordExecutor.executeKeywordForPlatform(KeywordExecutor.groovy:74)
	at com.kms.katalon.core.webui.keyword.WebUiBuiltInKeywords.verifyElementText(WebUiBuiltInKeywords.groovy:4749)
	at com.kms.katalon.core.webui.keyword.WebUiBuiltInKeywords$verifyElementText$5.call(Unknown Source)
	at Login gagal-Username kosong.run(Login gagal-Username kosong:43)
	at com.kms.katalon.core.main.ScriptEngine.run(ScriptEngine.java:194)
	at com.kms.katalon.core.main.ScriptEngine.runScriptAsRawText(ScriptEngine.java:119)
	at com.kms.katalon.core.main.TestCaseExecutor.runScript(TestCaseExecutor.java:448)
	at com.kms.katalon.core.main.TestCaseExecutor.doExecute(TestCaseExecutor.java:439)
	at com.kms.katalon.core.main.TestCaseExecutor.processExecutionPhase(TestCaseExecutor.java:418)
	at com.kms.katalon.core.main.TestCaseExecutor.accessMainPhase(TestCaseExecutor.java:410)
	at com.kms.katalon.core.main.TestCaseExecutor.execute(TestCaseExecutor.java:285)
	at com.kms.katalon.core.common.CommonExecutor.accessTestCaseMainPhase(CommonExecutor.java:65)
	at com.kms.katalon.core.main.TestSuiteExecutor.accessTestSuiteMainPhase(TestSuiteExecutor.java:148)
	at com.kms.katalon.core.main.TestSuiteExecutor.execute(TestSuiteExecutor.java:106)
	at com.kms.katalon.core.main.TestCaseMain.startTestSuite(TestCaseMain.java:187)
	at com.kms.katalon.core.main.TestCaseMain$startTestSuite$0.call(Unknown Source)
	at TempTestSuite1696842710074.run(TempTestSuite1696842710074.groovy:36)
Caused by: com.kms.katalon.core.exception.StepFailedException: Actual text 'Epic sadface: Username is required' and expected text 'Username is mandatory' of test object 'Object Repository/Username kosong/Page_Swag Labs/h3_Epic sadface Username is required' are NOT matched.
	at com.kms.katalon.core.webui.keyword.internal.WebUIKeywordMain.stepFailed(WebUIKeywordMain.groovy:64)
	at com.kms.katalon.core.webui.keyword.builtin.VerifyElementTextKeyword$_verifyElementText_closure1.doCall(VerifyElementTextKeyword.groovy:57)
	at com.kms.katalon.core.webui.keyword.builtin.VerifyElementTextKeyword$_verifyElementText_closure1.call(VerifyElementTextKeyword.groovy)
	at com.kms.katalon.core.webui.keyword.internal.WebUIKeywordMain.runKeyword(WebUIKeywordMain.groovy:20)
	... 19 more]]></system-err>
   </testsuite>
</testsuites>
